<?xml version="1.0" encoding="UTF-8"?>
<testsuite xmlns:xsi="http://www.w3.org/2001/XMLSchema-instance" xsi:noNamespaceSchemaLocation="https://maven.apache.org/surefire/maven-surefire-plugin/xsd/surefire-test-report-3.0.xsd" version="3.0" name="edu.eci.cvds.tdd.aerodescuentos.TarifasTest" time="0.058" tests="6" errors="0" skipped="0" failures="0">
  <properties>
    <property name="java.specification.version" value="21"/>
    <property name="sun.cpu.isalist" value="amd64"/>
    <property name="sun.jnu.encoding" value="Cp1252"/>
    <property name="java.class.path" value="C:\Users\camil\OneDrive\Documentos\Universidad\7Semestre\CVDS\LAB3\CVDS-LAB-3\ClasesEquivalencia\target\test-classes;C:\Users\camil\OneDrive\Documentos\Universidad\7Semestre\CVDS\LAB3\CVDS-LAB-3\ClasesEquivalencia\target\classes;C:\Users\camil\.m2\repository\junit\junit\4.13.2\junit-4.13.2.jar;C:\Users\camil\.m2\repository\org\hamcrest\hamcrest-core\1.3\hamcrest-core-1.3.jar;C:\Users\camil\.m2\repository\edu\eci\cvds\aerodescuentos\1.0.0\aerodescuentos-1.0.0.jar;"/>
    <property name="java.vm.vendor" value="Eclipse Adoptium"/>
    <property name="sun.arch.data.model" value="64"/>
    <property name="user.variant" value=""/>
    <property name="java.vendor.url" value="https://adoptium.net/"/>
    <property name="user.timezone" value="America/Bogota"/>
    <property name="os.name" value="Windows 11"/>
    <property name="java.vm.specification.version" value="21"/>
    <property name="sun.java.launcher" value="SUN_STANDARD"/>
    <property name="user.country" value="US"/>
    <property name="sun.boot.library.path" value="C:\Program Files\Eclipse Adoptium\jdk-21.0.1.12-hotspot\bin"/>
    <property name="sun.java.command" value="C:\Users\camil\AppData\Local\Temp\surefire11696554437326427359\surefirebooter-20240208234050775_3.jar C:\Users\camil\AppData\Local\Temp\surefire11696554437326427359 2024-02-08T23-40-50_664-jvmRun1 surefire-20240208234050775_1tmp surefire_0-20240208234050775_2tmp"/>
    <property name="jdk.debug" value="release"/>
    <property name="surefire.test.class.path" value="C:\Users\camil\OneDrive\Documentos\Universidad\7Semestre\CVDS\LAB3\CVDS-LAB-3\ClasesEquivalencia\target\test-classes;C:\Users\camil\OneDrive\Documentos\Universidad\7Semestre\CVDS\LAB3\CVDS-LAB-3\ClasesEquivalencia\target\classes;C:\Users\camil\.m2\repository\junit\junit\4.13.2\junit-4.13.2.jar;C:\Users\camil\.m2\repository\org\hamcrest\hamcrest-core\1.3\hamcrest-core-1.3.jar;C:\Users\camil\.m2\repository\edu\eci\cvds\aerodescuentos\1.0.0\aerodescuentos-1.0.0.jar;"/>
    <property name="sun.cpu.endian" value="little"/>
    <property name="user.home" value="C:\Users\camil"/>
    <property name="user.language" value="en"/>
    <property name="java.specification.vendor" value="Oracle Corporation"/>
    <property name="java.version.date" value="2023-10-17"/>
    <property name="java.home" value="C:\Program Files\Eclipse Adoptium\jdk-21.0.1.12-hotspot"/>
    <property name="file.separator" value="\"/>
    <property name="basedir" value="C:\Users\camil\OneDrive\Documentos\Universidad\7Semestre\CVDS\LAB3\CVDS-LAB-3\ClasesEquivalencia"/>
    <property name="java.vm.compressedOopsMode" value="Zero based"/>
    <property name="line.separator" value="&#10;"/>
    <property name="java.vm.specification.vendor" value="Oracle Corporation"/>
    <property name="java.specification.name" value="Java Platform API Specification"/>
    <property name="surefire.real.class.path" value="C:\Users\camil\AppData\Local\Temp\surefire11696554437326427359\surefirebooter-20240208234050775_3.jar"/>
    <property name="user.script" value=""/>
    <property name="sun.management.compiler" value="HotSpot 64-Bit Tiered Compilers"/>
    <property name="java.runtime.version" value="21.0.1+12-LTS"/>
    <property name="user.name" value="camil"/>
    <property name="stdout.encoding" value="Cp1252"/>
    <property name="path.separator" value=";"/>
    <property name="os.version" value="10.0"/>
    <property name="java.runtime.name" value="OpenJDK Runtime Environment"/>
    <property name="file.encoding" value="UTF-8"/>
    <property name="java.vm.name" value="OpenJDK 64-Bit Server VM"/>
    <property name="java.vendor.version" value="Temurin-21.0.1+12"/>
    <property name="localRepository" value="C:\Users\camil\.m2\repository"/>
    <property name="java.vendor.url.bug" value="https://github.com/adoptium/adoptium-support/issues"/>
    <property name="java.io.tmpdir" value="C:\Users\camil\AppData\Local\Temp\"/>
    <property name="java.version" value="21.0.1"/>
    <property name="user.dir" value="C:\Users\camil\OneDrive\Documentos\Universidad\7Semestre\CVDS\LAB3\CVDS-LAB-3\ClasesEquivalencia"/>
    <property name="os.arch" value="amd64"/>
    <property name="java.vm.specification.name" value="Java Virtual Machine Specification"/>
    <property name="sun.os.patch.level" value=""/>
    <property name="native.encoding" value="Cp1252"/>
    <property name="java.library.path" value="C:\Program Files\Eclipse Adoptium\jdk-21.0.1.12-hotspot\bin;C:\WINDOWS\Sun\Java\bin;C:\WINDOWS\system32;C:\WINDOWS;C:\Program Files (x86)\VMware\VMware Player\bin\;C:\Program Files\Eclipse Adoptium\jdk-21.0.1.12-hotspot\bin;C:\Program Files\Common Files\Oracle\Java\javapath;C:\Program Files (x86)\Common Files\Oracle\Java\javapath;C:\Program Files\Eclipse Adoptium\jdk-17.0.7.7-hotspot\bin;C:\WINDOWS\system32;C:\WINDOWS;C:\WINDOWS\System32\Wbem;C:\WINDOWS\System32\WindowsPowerShell\v1.0\;C:\WINDOWS\System32\OpenSSH\;C:\Program Files\dotnet\;C:\Program Files\Git\cmd;C:\Program Files\Maven\apache-maven-3.9.6\bin;C:\Users\camil\AppData\Local\Microsoft\WindowsApps;C:\Users\camil\.dotnet\tools;C:\Users\camil\AppData\Local\Programs\Microsoft VS Code\bin;."/>
    <property name="java.vm.info" value="mixed mode, sharing"/>
    <property name="stderr.encoding" value="Cp1252"/>
    <property name="java.vendor" value="Eclipse Adoptium"/>
    <property name="java.vm.version" value="21.0.1+12-LTS"/>
    <property name="sun.io.unicode.encoding" value="UnicodeLittle"/>
    <property name="java.class.version" value="65.0"/>
  </properties>
  <testcase name="validateThatHasNoDiscount" classname="edu.eci.cvds.tdd.aerodescuentos.TarifasTest" time="0.005"/>
  <testcase name="validateDiscountUnder18" classname="edu.eci.cvds.tdd.aerodescuentos.TarifasTest" time="0.0"/>
  <testcase name="validateDiscountForAnticipatedDays" classname="edu.eci.cvds.tdd.aerodescuentos.TarifasTest" time="0.0"/>
  <testcase name="validateDiscountForBeingAnOldMan" classname="edu.eci.cvds.tdd.aerodescuentos.TarifasTest" time="0.0"/>
  <testcase name="validateDiscountUnder18AndAnticipatedDays" classname="edu.eci.cvds.tdd.aerodescuentos.TarifasTest" time="0.0"/>
  <testcase name="validateDiscountForBeingAnOldManAndAnticipatedDays" classname="edu.eci.cvds.tdd.aerodescuentos.TarifasTest" time="0.0"/>
</testsuite>